{"/Users/zhangqm/frontend/supuwoerc-utils/src/css/index.ts": {"path":"/Users/zhangqm/frontend/supuwoerc-utils/src/css/index.ts","all":false,"statementMap":{"0":{"start":{"line":1,"column":0},"end":{"line":1,"column":3}},"1":{"start":{"line":2,"column":0},"end":{"line":2,"column":30}},"2":{"start":{"line":3,"column":0},"end":{"line":3,"column":27}},"3":{"start":{"line":4,"column":0},"end":{"line":4,"column":3}},"4":{"start":{"line":5,"column":0},"end":{"line":5,"column":51}},"5":{"start":{"line":6,"column":0},"end":{"line":6,"column":37}},"6":{"start":{"line":7,"column":0},"end":{"line":7,"column":66}},"7":{"start":{"line":8,"column":0},"end":{"line":8,"column":5}},"8":{"start":{"line":9,"column":0},"end":{"line":9,"column":17}},"9":{"start":{"line":10,"column":0},"end":{"line":10,"column":29}},"10":{"start":{"line":11,"column":0},"end":{"line":11,"column":53}},"11":{"start":{"line":12,"column":0},"end":{"line":12,"column":48}},"12":{"start":{"line":13,"column":0},"end":{"line":13,"column":20}},"13":{"start":{"line":14,"column":0},"end":{"line":14,"column":45}},"14":{"start":{"line":15,"column":0},"end":{"line":15,"column":34}},"15":{"start":{"line":16,"column":0},"end":{"line":16,"column":17}},"16":{"start":{"line":17,"column":0},"end":{"line":17,"column":16}},"17":{"start":{"line":18,"column":0},"end":{"line":18,"column":40}},"18":{"start":{"line":19,"column":0},"end":{"line":19,"column":23}},"19":{"start":{"line":20,"column":0},"end":{"line":20,"column":44}},"20":{"start":{"line":21,"column":0},"end":{"line":21,"column":25}},"21":{"start":{"line":22,"column":0},"end":{"line":22,"column":62}},"22":{"start":{"line":23,"column":0},"end":{"line":23,"column":28}},"23":{"start":{"line":24,"column":0},"end":{"line":24,"column":17}},"24":{"start":{"line":25,"column":0},"end":{"line":25,"column":48}},"25":{"start":{"line":26,"column":0},"end":{"line":26,"column":13}},"26":{"start":{"line":27,"column":0},"end":{"line":27,"column":56}},"27":{"start":{"line":28,"column":0},"end":{"line":28,"column":9}},"28":{"start":{"line":29,"column":0},"end":{"line":29,"column":30}},"29":{"start":{"line":30,"column":0},"end":{"line":30,"column":37}},"30":{"start":{"line":31,"column":0},"end":{"line":31,"column":5}},"31":{"start":{"line":32,"column":0},"end":{"line":32,"column":27}},"32":{"start":{"line":33,"column":0},"end":{"line":33,"column":1}}},"s":{"0":1,"1":1,"2":1,"3":1,"4":4,"5":4,"6":1,"7":1,"8":3,"9":3,"10":4,"11":5,"12":5,"13":3,"14":3,"15":3,"16":5,"17":2,"18":2,"19":2,"20":2,"21":1,"22":1,"23":1,"24":1,"25":1,"26":2,"27":2,"28":2,"29":2,"30":2,"31":3,"32":3},"branchMap":{"0":{"type":"branch","line":5,"loc":{"start":{"line":5,"column":0},"end":{"line":33,"column":1}},"locations":[{"start":{"line":5,"column":0},"end":{"line":33,"column":1}}]},"1":{"type":"branch","line":6,"loc":{"start":{"line":6,"column":36},"end":{"line":8,"column":5}},"locations":[{"start":{"line":6,"column":36},"end":{"line":8,"column":5}}]},"2":{"type":"branch","line":9,"loc":{"start":{"line":9,"column":-1},"end":{"line":11,"column":17}},"locations":[{"start":{"line":9,"column":-1},"end":{"line":11,"column":17}}]},"3":{"type":"branch","line":11,"loc":{"start":{"line":11,"column":13},"end":{"line":11,"column":50}},"locations":[{"start":{"line":11,"column":13},"end":{"line":11,"column":50}}]},"4":{"type":"branch","line":11,"loc":{"start":{"line":11,"column":52},"end":{"line":31,"column":5}},"locations":[{"start":{"line":11,"column":52},"end":{"line":31,"column":5}}]},"5":{"type":"branch","line":13,"loc":{"start":{"line":13,"column":19},"end":{"line":17,"column":15}},"locations":[{"start":{"line":13,"column":19},"end":{"line":17,"column":15}}]},"6":{"type":"branch","line":17,"loc":{"start":{"line":17,"column":9},"end":{"line":31,"column":5}},"locations":[{"start":{"line":17,"column":9},"end":{"line":31,"column":5}}]},"7":{"type":"branch","line":21,"loc":{"start":{"line":21,"column":24},"end":{"line":26,"column":13}},"locations":[{"start":{"line":21,"column":24},"end":{"line":26,"column":13}}]},"8":{"type":"branch","line":32,"loc":{"start":{"line":32,"column":-1},"end":{"line":33,"column":1}},"locations":[{"start":{"line":32,"column":-1},"end":{"line":33,"column":1}}]}},"b":{"0":[4],"1":[1],"2":[3],"3":[5],"4":[5],"5":[3],"6":[2],"7":[1],"8":[3]},"fnMap":{"0":{"name":"getElementSelector","decl":{"start":{"line":5,"column":0},"end":{"line":33,"column":1}},"loc":{"start":{"line":5,"column":0},"end":{"line":33,"column":1}},"line":5}},"f":{"0":4}}
}
