TN:
SF:src/css/index.ts
FN:5,getElementSelector
FNF:1
FNH:1
FNDA:4,getElementSelector
DA:1,1
DA:2,1
DA:3,1
DA:4,1
DA:5,4
DA:6,4
DA:7,1
DA:8,1
DA:9,3
DA:10,3
DA:11,4
DA:12,5
DA:13,5
DA:14,3
DA:15,3
DA:16,3
DA:17,5
DA:18,2
DA:19,2
DA:20,2
DA:21,2
DA:22,1
DA:23,1
DA:24,1
DA:25,1
DA:26,1
DA:27,2
DA:28,2
DA:29,2
DA:30,2
DA:31,2
DA:32,3
DA:33,3
LF:33
LH:33
BRDA:5,0,0,4
BRDA:6,1,0,1
BRDA:9,2,0,3
BRDA:11,3,0,5
BRDA:11,4,0,5
BRDA:13,5,0,3
BRDA:17,6,0,2
BRDA:21,7,0,1
BRDA:32,8,0,3
BRF:9
BRH:9
end_of_record
